<?xml version="1.0" encoding="UTF-8"?>
<coverage generated="1721391033912" clover="3.2.0">
  <project timestamp="1721391033912" name="All files">
    <metrics statements="255" coveredstatements="240" conditionals="37" coveredconditionals="32" methods="17" coveredmethods="16" elements="309" coveredelements="288" complexity="0" loc="255" ncloc="255" packages="1" files="4" classes="4"/>
    <file name="EditProfileForm.jsx" path="E:\UBA\ims\src\components\EditProfileForm.jsx">
      <metrics statements="85" coveredstatements="85" conditionals="7" coveredconditionals="7" methods="7" coveredmethods="7"/>
      <line num="1" count="1" type="stmt"/>
      <line num="264" count="1" type="stmt"/>
      <line num="265" count="1" type="stmt"/>
      <line num="267" count="1" type="cond" truecount="1" falsecount="0"/>
      <line num="268" count="17" type="stmt"/>
      <line num="269" count="17" type="stmt"/>
      <line num="270" count="17" type="stmt"/>
      <line num="271" count="17" type="stmt"/>
      <line num="272" count="17" type="stmt"/>
      <line num="274" count="17" type="cond" truecount="1" falsecount="0"/>
      <line num="275" count="1" type="stmt"/>
      <line num="279" count="1" type="stmt"/>
      <line num="281" count="1" type="stmt"/>
      <line num="283" count="17" type="stmt"/>
      <line num="284" count="17" type="stmt"/>
      <line num="285" count="17" type="stmt"/>
      <line num="286" count="17" type="stmt"/>
      <line num="287" count="17" type="stmt"/>
      <line num="288" count="17" type="stmt"/>
      <line num="289" count="17" type="stmt"/>
      <line num="290" count="17" type="stmt"/>
      <line num="291" count="17" type="stmt"/>
      <line num="292" count="17" type="stmt"/>
      <line num="293" count="17" type="stmt"/>
      <line num="294" count="17" type="stmt"/>
      <line num="295" count="17" type="cond" truecount="1" falsecount="0"/>
      <line num="296" count="17" type="stmt"/>
      <line num="298" count="17" type="stmt"/>
      <line num="299" count="17" type="stmt"/>
      <line num="300" count="17" type="stmt"/>
      <line num="301" count="17" type="stmt"/>
      <line num="302" count="17" type="stmt"/>
      <line num="303" count="17" type="stmt"/>
      <line num="304" count="17" type="stmt"/>
      <line num="305" count="17" type="stmt"/>
      <line num="306" count="17" type="stmt"/>
      <line num="307" count="17" type="cond" truecount="1" falsecount="0"/>
      <line num="308" count="17" type="stmt"/>
      <line num="310" count="17" type="stmt"/>
      <line num="311" count="17" type="stmt"/>
      <line num="312" count="17" type="stmt"/>
      <line num="313" count="17" type="stmt"/>
      <line num="314" count="17" type="stmt"/>
      <line num="315" count="17" type="stmt"/>
      <line num="316" count="17" type="stmt"/>
      <line num="317" count="17" type="stmt"/>
      <line num="318" count="17" type="stmt"/>
      <line num="319" count="17" type="cond" truecount="1" falsecount="0"/>
      <line num="320" count="17" type="stmt"/>
      <line num="322" count="17" type="stmt"/>
      <line num="323" count="17" type="stmt"/>
      <line num="324" count="17" type="stmt"/>
      <line num="325" count="17" type="stmt"/>
      <line num="326" count="17" type="stmt"/>
      <line num="327" count="17" type="stmt"/>
      <line num="328" count="17" type="stmt"/>
      <line num="329" count="17" type="stmt"/>
      <line num="330" count="17" type="stmt"/>
      <line num="331" count="17" type="stmt"/>
      <line num="332" count="17" type="cond" truecount="1" falsecount="0"/>
      <line num="333" count="17" type="stmt"/>
      <line num="334" count="17" type="stmt"/>
      <line num="335" count="17" type="stmt"/>
      <line num="336" count="17" type="stmt"/>
      <line num="337" count="17" type="stmt"/>
      <line num="338" count="17" type="stmt"/>
      <line num="339" count="17" type="stmt"/>
      <line num="340" count="17" type="stmt"/>
      <line num="341" count="17" type="stmt"/>
      <line num="342" count="17" type="stmt"/>
      <line num="343" count="17" type="stmt"/>
      <line num="344" count="17" type="cond" truecount="1" falsecount="0"/>
      <line num="345" count="17" type="stmt"/>
      <line num="346" count="17" type="stmt"/>
      <line num="347" count="17" type="stmt"/>
      <line num="348" count="17" type="stmt"/>
      <line num="349" count="17" type="stmt"/>
      <line num="350" count="17" type="stmt"/>
      <line num="351" count="17" type="stmt"/>
      <line num="353" count="17" type="stmt"/>
      <line num="354" count="17" type="stmt"/>
      <line num="355" count="17" type="stmt"/>
      <line num="356" count="17" type="stmt"/>
      <line num="358" count="17" type="stmt"/>
      <line num="360" count="1" type="stmt"/>
    </file>
    <file name="LoginForm.jsx" path="E:\UBA\ims\src\components\LoginForm.jsx">
      <metrics statements="54" coveredstatements="51" conditionals="9" coveredconditionals="8" methods="4" coveredmethods="4"/>
      <line num="1" count="1" type="stmt"/>
      <line num="3" count="1" type="cond" truecount="1" falsecount="0"/>
      <line num="4" count="9" type="stmt"/>
      <line num="5" count="9" type="stmt"/>
      <line num="7" count="9" type="cond" truecount="1" falsecount="0"/>
      <line num="8" count="3" type="stmt"/>
      <line num="10" count="3" type="cond" truecount="1" falsecount="0"/>
      <line num="11" count="1" type="stmt"/>
      <line num="12" count="1" type="stmt"/>
      <line num="13" count="1" type="cond" truecount="1" falsecount="0"/>
      <line num="15" count="2" type="stmt"/>
      <line num="16" count="3" type="cond" truecount="1" falsecount="0"/>
      <line num="17" count="1" type="stmt"/>
      <line num="18" count="1" type="stmt"/>
      <line num="19" count="1" type="stmt"/>
      <line num="21" count="3" type="cond" truecount="0" falsecount="1"/>
      <line num="22" count="0" type="stmt"/>
      <line num="23" count="0" type="stmt"/>
      <line num="24" count="0" type="cond" truecount="1" falsecount="0"/>
      <line num="26" count="1" type="stmt"/>
      <line num="27" count="3" type="stmt"/>
      <line num="29" count="9" type="stmt"/>
      <line num="30" count="9" type="stmt"/>
      <line num="31" count="9" type="stmt"/>
      <line num="32" count="9" type="stmt"/>
      <line num="33" count="9" type="stmt"/>
      <line num="34" count="9" type="stmt"/>
      <line num="35" count="9" type="stmt"/>
      <line num="36" count="9" type="stmt"/>
      <line num="37" count="9" type="stmt"/>
      <line num="38" count="9" type="stmt"/>
      <line num="39" count="9" type="stmt"/>
      <line num="41" count="9" type="stmt"/>
      <line num="42" count="9" type="cond" truecount="1" falsecount="0"/>
      <line num="44" count="9" type="stmt"/>
      <line num="45" count="9" type="stmt"/>
      <line num="46" count="9" type="stmt"/>
      <line num="47" count="9" type="stmt"/>
      <line num="48" count="9" type="stmt"/>
      <line num="49" count="9" type="stmt"/>
      <line num="50" count="9" type="stmt"/>
      <line num="51" count="9" type="stmt"/>
      <line num="52" count="9" type="stmt"/>
      <line num="53" count="9" type="stmt"/>
      <line num="54" count="9" type="cond" truecount="1" falsecount="0"/>
      <line num="56" count="9" type="stmt"/>
      <line num="57" count="9" type="stmt"/>
      <line num="58" count="9" type="stmt"/>
      <line num="59" count="9" type="stmt"/>
      <line num="60" count="9" type="stmt"/>
      <line num="61" count="9" type="stmt"/>
      <line num="62" count="9" type="stmt"/>
      <line num="64" count="9" type="stmt"/>
      <line num="66" count="1" type="stmt"/>
    </file>
    <file name="RegistrationForm.jsx" path="E:\UBA\ims\src\components\RegistrationForm.jsx">
      <metrics statements="67" coveredstatements="55" conditionals="18" coveredconditionals="14" methods="2" coveredmethods="2"/>
      <line num="1" count="1" type="stmt"/>
      <line num="3" count="1" type="cond" truecount="1" falsecount="0"/>
      <line num="4" count="5" type="cond" truecount="1" falsecount="0"/>
      <line num="5" count="4" type="stmt"/>
      <line num="10" count="4" type="stmt"/>
      <line num="11" count="4" type="stmt"/>
      <line num="12" count="4" type="stmt"/>
      <line num="13" count="4" type="stmt"/>
      <line num="15" count="4" type="cond" truecount="4" falsecount="0"/>
      <line num="16" count="1" type="stmt"/>
      <line num="17" count="1" type="stmt"/>
      <line num="18" count="1" type="cond" truecount="1" falsecount="0"/>
      <line num="19" count="3" type="stmt"/>
      <line num="20" count="4" type="cond" truecount="0" falsecount="1"/>
      <line num="21" count="0" type="stmt"/>
      <line num="22" count="0" type="stmt"/>
      <line num="23" count="0" type="cond" truecount="1" falsecount="0"/>
      <line num="25" count="4" type="cond" truecount="0" falsecount="1"/>
      <line num="26" count="0" type="stmt"/>
      <line num="27" count="0" type="stmt"/>
      <line num="28" count="0" type="cond" truecount="1" falsecount="0"/>
      <line num="30" count="3" type="stmt"/>
      <line num="31" count="4" type="cond" truecount="1" falsecount="0"/>
      <line num="32" count="1" type="stmt"/>
      <line num="33" count="1" type="stmt"/>
      <line num="34" count="1" type="cond" truecount="1" falsecount="0"/>
      <line num="36" count="4" type="cond" truecount="0" falsecount="1"/>
      <line num="37" count="0" type="stmt"/>
      <line num="38" count="0" type="stmt"/>
      <line num="39" count="0" type="cond" truecount="1" falsecount="0"/>
      <line num="41" count="4" type="cond" truecount="0" falsecount="1"/>
      <line num="42" count="0" type="stmt"/>
      <line num="43" count="0" type="stmt"/>
      <line num="44" count="0" type="cond" truecount="1" falsecount="0"/>
      <line num="46" count="4" type="cond" truecount="1" falsecount="0"/>
      <line num="47" count="1" type="stmt"/>
      <line num="48" count="1" type="stmt"/>
      <line num="49" count="1" type="stmt"/>
      <line num="51" count="1" type="stmt"/>
      <line num="52" count="4" type="stmt"/>
      <line num="54" count="5" type="stmt"/>
      <line num="55" count="5" type="stmt"/>
      <line num="56" count="5" type="stmt"/>
      <line num="57" count="5" type="stmt"/>
      <line num="58" count="5" type="stmt"/>
      <line num="59" count="5" type="stmt"/>
      <line num="60" count="5" type="stmt"/>
      <line num="61" count="5" type="stmt"/>
      <line num="62" count="5" type="stmt"/>
      <line num="63" count="5" type="stmt"/>
      <line num="64" count="5" type="stmt"/>
      <line num="65" count="5" type="stmt"/>
      <line num="66" count="5" type="stmt"/>
      <line num="67" count="5" type="stmt"/>
      <line num="68" count="5" type="stmt"/>
      <line num="69" count="5" type="stmt"/>
      <line num="70" count="5" type="stmt"/>
      <line num="71" count="5" type="stmt"/>
      <line num="72" count="5" type="stmt"/>
      <line num="73" count="5" type="stmt"/>
      <line num="74" count="5" type="stmt"/>
      <line num="75" count="5" type="stmt"/>
      <line num="76" count="5" type="stmt"/>
      <line num="77" count="5" type="stmt"/>
      <line num="78" count="5" type="stmt"/>
      <line num="80" count="5" type="stmt"/>
      <line num="82" count="1" type="stmt"/>
    </file>
    <file name="UserListing.jsx" path="E:\UBA\ims\src\components\UserListing.jsx">
      <metrics statements="49" coveredstatements="49" conditionals="3" coveredconditionals="3" methods="4" coveredmethods="3"/>
      <line num="1" count="1" type="stmt"/>
      <line num="2" count="1" type="stmt"/>
      <line num="4" count="1" type="cond" truecount="1" falsecount="0"/>
      <line num="5" count="2" type="cond" truecount="1" falsecount="0"/>
      <line num="7" count="1" type="stmt"/>
      <line num="8" count="1" type="stmt"/>
      <line num="9" count="1" type="stmt"/>
      <line num="11" count="2" type="stmt"/>
      <line num="12" count="2" type="stmt"/>
      <line num="13" count="2" type="stmt"/>
      <line num="14" count="2" type="stmt"/>
      <line num="15" count="2" type="stmt"/>
      <line num="16" count="2" type="stmt"/>
      <line num="17" count="2" type="stmt"/>
      <line num="18" count="2" type="stmt"/>
      <line num="19" count="2" type="stmt"/>
      <line num="20" count="2" type="stmt"/>
      <line num="21" count="2" type="stmt"/>
      <line num="22" count="2" type="stmt"/>
      <line num="23" count="2" type="stmt"/>
      <line num="24" count="2" type="stmt"/>
      <line num="25" count="2" type="stmt"/>
      <line num="26" count="2" type="stmt"/>
      <line num="27" count="2" type="stmt"/>
      <line num="28" count="2" type="stmt"/>
      <line num="29" count="2" type="stmt"/>
      <line num="30" count="2" type="stmt"/>
      <line num="31" count="2" type="stmt"/>
      <line num="32" count="2" type="stmt"/>
      <line num="33" count="2" type="cond" truecount="1" falsecount="0"/>
      <line num="34" count="2" type="stmt"/>
      <line num="35" count="2" type="stmt"/>
      <line num="36" count="2" type="stmt"/>
      <line num="37" count="2" type="stmt"/>
      <line num="38" count="2" type="stmt"/>
      <line num="39" count="2" type="stmt"/>
      <line num="41" count="2" type="stmt"/>
      <line num="42" count="2" type="stmt"/>
      <line num="43" count="2" type="stmt"/>
      <line num="44" count="2" type="stmt"/>
      <line num="45" count="2" type="stmt"/>
      <line num="46" count="2" type="stmt"/>
      <line num="47" count="2" type="stmt"/>
      <line num="49" count="2" type="stmt"/>
      <line num="50" count="2" type="stmt"/>
      <line num="51" count="2" type="stmt"/>
      <line num="52" count="2" type="stmt"/>
      <line num="54" count="2" type="stmt"/>
      <line num="56" count="1" type="stmt"/>
    </file>
  </project>
</coverage>
