{"E:\\UBA\\ims\\src\\components\\EditProfileForm.jsx": {"path":"E:\\UBA\\ims\\src\\components\\EditProfileForm.jsx","all":false,"statementMap":{"0":{"start":{"line":1,"column":0},"end":{"line":1,"column":29}},"263":{"start":{"line":264,"column":0},"end":{"line":264,"column":40}},"264":{"start":{"line":265,"column":0},"end":{"line":265,"column":40}},"266":{"start":{"line":267,"column":0},"end":{"line":267,"column":27}},"267":{"start":{"line":268,"column":0},"end":{"line":268,"column":47}},"268":{"start":{"line":269,"column":0},"end":{"line":269,"column":41}},"269":{"start":{"line":270,"column":0},"end":{"line":270,"column":41}},"270":{"start":{"line":271,"column":0},"end":{"line":271,"column":53}},"271":{"start":{"line":272,"column":0},"end":{"line":272,"column":67}},"273":{"start":{"line":274,"column":0},"end":{"line":274,"column":31}},"274":{"start":{"line":275,"column":0},"end":{"line":275,"column":23}},"278":{"start":{"line":279,"column":0},"end":{"line":279,"column":96}},"280":{"start":{"line":281,"column":0},"end":{"line":281,"column":4}},"282":{"start":{"line":283,"column":0},"end":{"line":283,"column":10}},"283":{"start":{"line":284,"column":0},"end":{"line":284,"column":50}},"284":{"start":{"line":285,"column":0},"end":{"line":285,"column":70}},"285":{"start":{"line":286,"column":0},"end":{"line":286,"column":65}},"286":{"start":{"line":287,"column":0},"end":{"line":287,"column":38}},"287":{"start":{"line":288,"column":0},"end":{"line":288,"column":38}},"288":{"start":{"line":289,"column":0},"end":{"line":289,"column":50}},"289":{"start":{"line":290,"column":0},"end":{"line":290,"column":18}},"290":{"start":{"line":291,"column":0},"end":{"line":291,"column":25}},"291":{"start":{"line":292,"column":0},"end":{"line":292,"column":27}},"292":{"start":{"line":293,"column":0},"end":{"line":293,"column":29}},"293":{"start":{"line":294,"column":0},"end":{"line":294,"column":30}},"294":{"start":{"line":295,"column":0},"end":{"line":295,"column":59}},"295":{"start":{"line":296,"column":0},"end":{"line":296,"column":60}},"297":{"start":{"line":298,"column":0},"end":{"line":298,"column":14}},"298":{"start":{"line":299,"column":0},"end":{"line":299,"column":16}},"299":{"start":{"line":300,"column":0},"end":{"line":300,"column":38}},"300":{"start":{"line":301,"column":0},"end":{"line":301,"column":48}},"301":{"start":{"line":302,"column":0},"end":{"line":302,"column":18}},"302":{"start":{"line":303,"column":0},"end":{"line":303,"column":26}},"303":{"start":{"line":304,"column":0},"end":{"line":304,"column":24}},"304":{"start":{"line":305,"column":0},"end":{"line":305,"column":26}},"305":{"start":{"line":306,"column":0},"end":{"line":306,"column":27}},"306":{"start":{"line":307,"column":0},"end":{"line":307,"column":56}},"307":{"start":{"line":308,"column":0},"end":{"line":308,"column":60}},"309":{"start":{"line":310,"column":0},"end":{"line":310,"column":14}},"310":{"start":{"line":311,"column":0},"end":{"line":311,"column":16}},"311":{"start":{"line":312,"column":0},"end":{"line":312,"column":38}},"312":{"start":{"line":313,"column":0},"end":{"line":313,"column":55}},"313":{"start":{"line":314,"column":0},"end":{"line":314,"column":18}},"314":{"start":{"line":315,"column":0},"end":{"line":315,"column":24}},"315":{"start":{"line":316,"column":0},"end":{"line":316,"column":24}},"316":{"start":{"line":317,"column":0},"end":{"line":317,"column":26}},"317":{"start":{"line":318,"column":0},"end":{"line":318,"column":27}},"318":{"start":{"line":319,"column":0},"end":{"line":319,"column":56}},"319":{"start":{"line":320,"column":0},"end":{"line":320,"column":60}},"321":{"start":{"line":322,"column":0},"end":{"line":322,"column":14}},"322":{"start":{"line":323,"column":0},"end":{"line":323,"column":16}},"323":{"start":{"line":324,"column":0},"end":{"line":324,"column":38}},"324":{"start":{"line":325,"column":0},"end":{"line":325,"column":62}},"325":{"start":{"line":326,"column":0},"end":{"line":326,"column":18}},"326":{"start":{"line":327,"column":0},"end":{"line":327,"column":29}},"327":{"start":{"line":328,"column":0},"end":{"line":328,"column":31}},"328":{"start":{"line":329,"column":0},"end":{"line":329,"column":33}},"329":{"start":{"line":330,"column":0},"end":{"line":330,"column":46}},"330":{"start":{"line":331,"column":0},"end":{"line":331,"column":33}},"331":{"start":{"line":332,"column":0},"end":{"line":332,"column":62}},"332":{"start":{"line":333,"column":0},"end":{"line":333,"column":60}},"333":{"start":{"line":334,"column":0},"end":{"line":334,"column":14}},"334":{"start":{"line":335,"column":0},"end":{"line":335,"column":16}},"335":{"start":{"line":336,"column":0},"end":{"line":336,"column":38}},"336":{"start":{"line":337,"column":0},"end":{"line":337,"column":78}},"337":{"start":{"line":338,"column":0},"end":{"line":338,"column":18}},"338":{"start":{"line":339,"column":0},"end":{"line":339,"column":29}},"339":{"start":{"line":340,"column":0},"end":{"line":340,"column":39}},"340":{"start":{"line":341,"column":0},"end":{"line":341,"column":41}},"341":{"start":{"line":342,"column":0},"end":{"line":342,"column":54}},"342":{"start":{"line":343,"column":0},"end":{"line":343,"column":40}},"343":{"start":{"line":344,"column":0},"end":{"line":344,"column":69}},"344":{"start":{"line":345,"column":0},"end":{"line":345,"column":60}},"345":{"start":{"line":346,"column":0},"end":{"line":346,"column":14}},"346":{"start":{"line":347,"column":0},"end":{"line":347,"column":16}},"347":{"start":{"line":348,"column":0},"end":{"line":348,"column":17}},"348":{"start":{"line":349,"column":0},"end":{"line":349,"column":25}},"349":{"start":{"line":350,"column":0},"end":{"line":350,"column":109}},"350":{"start":{"line":351,"column":0},"end":{"line":351,"column":11}},"352":{"start":{"line":353,"column":0},"end":{"line":353,"column":19}},"353":{"start":{"line":354,"column":0},"end":{"line":354,"column":15}},"354":{"start":{"line":355,"column":0},"end":{"line":355,"column":12}},"355":{"start":{"line":356,"column":0},"end":{"line":356,"column":10}},"357":{"start":{"line":358,"column":0},"end":{"line":358,"column":2}},"359":{"start":{"line":360,"column":0},"end":{"line":360,"column":27}}},"s":{"0":1,"263":1,"264":1,"266":1,"267":17,"268":17,"269":17,"270":17,"271":17,"273":17,"274":1,"278":1,"280":1,"282":17,"283":17,"284":17,"285":17,"286":17,"287":17,"288":17,"289":17,"290":17,"291":17,"292":17,"293":17,"294":17,"295":17,"297":17,"298":17,"299":17,"300":17,"301":17,"302":17,"303":17,"304":17,"305":17,"306":17,"307":17,"309":17,"310":17,"311":17,"312":17,"313":17,"314":17,"315":17,"316":17,"317":17,"318":17,"319":17,"321":17,"322":17,"323":17,"324":17,"325":17,"326":17,"327":17,"328":17,"329":17,"330":17,"331":17,"332":17,"333":17,"334":17,"335":17,"336":17,"337":17,"338":17,"339":17,"340":17,"341":17,"342":17,"343":17,"344":17,"345":17,"346":17,"347":17,"348":17,"349":17,"350":17,"352":17,"353":17,"354":17,"355":17,"357":17,"359":1},"branchMap":{"0":{"type":"branch","line":267,"loc":{"start":{"line":267,"column":20},"end":{"line":358,"column":2}},"locations":[{"start":{"line":267,"column":20},"end":{"line":358,"column":2}}]},"1":{"type":"branch","line":274,"loc":{"start":{"line":274,"column":23},"end":{"line":281,"column":4}},"locations":[{"start":{"line":274,"column":23},"end":{"line":281,"column":4}}]},"2":{"type":"branch","line":295,"loc":{"start":{"line":295,"column":24},"end":{"line":295,"column":59}},"locations":[{"start":{"line":295,"column":24},"end":{"line":295,"column":59}}]},"3":{"type":"branch","line":307,"loc":{"start":{"line":307,"column":24},"end":{"line":307,"column":56}},"locations":[{"start":{"line":307,"column":24},"end":{"line":307,"column":56}}]},"4":{"type":"branch","line":319,"loc":{"start":{"line":319,"column":24},"end":{"line":319,"column":56}},"locations":[{"start":{"line":319,"column":24},"end":{"line":319,"column":56}}]},"5":{"type":"branch","line":332,"loc":{"start":{"line":332,"column":24},"end":{"line":332,"column":62}},"locations":[{"start":{"line":332,"column":24},"end":{"line":332,"column":62}}]},"6":{"type":"branch","line":344,"loc":{"start":{"line":344,"column":24},"end":{"line":344,"column":69}},"locations":[{"start":{"line":344,"column":24},"end":{"line":344,"column":69}}]}},"b":{"0":[17],"1":[1],"2":[2],"3":[2],"4":[2],"5":[2],"6":[2]},"fnMap":{"0":{"name":"EditProfile","decl":{"start":{"line":267,"column":20},"end":{"line":358,"column":2}},"loc":{"start":{"line":267,"column":20},"end":{"line":358,"column":2}},"line":267},"1":{"name":"handleSubmit","decl":{"start":{"line":274,"column":23},"end":{"line":281,"column":4}},"loc":{"start":{"line":274,"column":23},"end":{"line":281,"column":4}},"line":274},"2":{"name":"onChange","decl":{"start":{"line":295,"column":24},"end":{"line":295,"column":59}},"loc":{"start":{"line":295,"column":24},"end":{"line":295,"column":59}},"line":295},"3":{"name":"onChange","decl":{"start":{"line":307,"column":24},"end":{"line":307,"column":56}},"loc":{"start":{"line":307,"column":24},"end":{"line":307,"column":56}},"line":307},"4":{"name":"onChange","decl":{"start":{"line":319,"column":24},"end":{"line":319,"column":56}},"loc":{"start":{"line":319,"column":24},"end":{"line":319,"column":56}},"line":319},"5":{"name":"onChange","decl":{"start":{"line":332,"column":24},"end":{"line":332,"column":62}},"loc":{"start":{"line":332,"column":24},"end":{"line":332,"column":62}},"line":332},"6":{"name":"onChange","decl":{"start":{"line":344,"column":24},"end":{"line":344,"column":69}},"loc":{"start":{"line":344,"column":24},"end":{"line":344,"column":69}},"line":344}},"f":{"0":17,"1":1,"2":2,"3":2,"4":2,"5":2,"6":2}}
,"E:\\UBA\\ims\\src\\components\\LoginForm.jsx": {"path":"E:\\UBA\\ims\\src\\components\\LoginForm.jsx","all":false,"statementMap":{"0":{"start":{"line":1,"column":0},"end":{"line":1,"column":40}},"2":{"start":{"line":3,"column":0},"end":{"line":3,"column":25}},"3":{"start":{"line":4,"column":0},"end":{"line":4,"column":41}},"4":{"start":{"line":5,"column":0},"end":{"line":5,"column":47}},"6":{"start":{"line":7,"column":0},"end":{"line":7,"column":36}},"7":{"start":{"line":8,"column":0},"end":{"line":8,"column":23}},"9":{"start":{"line":10,"column":0},"end":{"line":10,"column":17}},"10":{"start":{"line":11,"column":0},"end":{"line":11,"column":33}},"11":{"start":{"line":12,"column":0},"end":{"line":12,"column":19}},"12":{"start":{"line":13,"column":0},"end":{"line":13,"column":5}},"14":{"start":{"line":15,"column":0},"end":{"line":15,"column":54}},"15":{"start":{"line":16,"column":0},"end":{"line":16,"column":36}},"16":{"start":{"line":17,"column":0},"end":{"line":17,"column":50}},"17":{"start":{"line":18,"column":0},"end":{"line":18,"column":19}},"18":{"start":{"line":19,"column":0},"end":{"line":19,"column":5}},"20":{"start":{"line":21,"column":0},"end":{"line":21,"column":20}},"21":{"start":{"line":22,"column":0},"end":{"line":22,"column":36}},"22":{"start":{"line":23,"column":0},"end":{"line":23,"column":19}},"23":{"start":{"line":24,"column":0},"end":{"line":24,"column":5}},"25":{"start":{"line":26,"column":0},"end":{"line":26,"column":41}},"26":{"start":{"line":27,"column":0},"end":{"line":27,"column":4}},"28":{"start":{"line":29,"column":0},"end":{"line":29,"column":10}},"29":{"start":{"line":30,"column":0},"end":{"line":30,"column":70}},"30":{"start":{"line":31,"column":0},"end":{"line":31,"column":88}},"31":{"start":{"line":32,"column":0},"end":{"line":32,"column":63}},"32":{"start":{"line":33,"column":0},"end":{"line":33,"column":59}},"33":{"start":{"line":34,"column":0},"end":{"line":34,"column":43}},"34":{"start":{"line":35,"column":0},"end":{"line":35,"column":74}},"35":{"start":{"line":36,"column":0},"end":{"line":36,"column":18}},"36":{"start":{"line":37,"column":0},"end":{"line":37,"column":26}},"37":{"start":{"line":38,"column":0},"end":{"line":38,"column":24}},"38":{"start":{"line":39,"column":0},"end":{"line":39,"column":26}},"40":{"start":{"line":41,"column":0},"end":{"line":41,"column":27}},"41":{"start":{"line":42,"column":0},"end":{"line":42,"column":56}},"43":{"start":{"line":44,"column":0},"end":{"line":44,"column":186}},"44":{"start":{"line":45,"column":0},"end":{"line":45,"column":14}},"45":{"start":{"line":46,"column":0},"end":{"line":46,"column":16}},"46":{"start":{"line":47,"column":0},"end":{"line":47,"column":43}},"47":{"start":{"line":48,"column":0},"end":{"line":48,"column":80}},"48":{"start":{"line":49,"column":0},"end":{"line":49,"column":18}},"49":{"start":{"line":50,"column":0},"end":{"line":50,"column":29}},"50":{"start":{"line":51,"column":0},"end":{"line":51,"column":27}},"51":{"start":{"line":52,"column":0},"end":{"line":52,"column":29}},"52":{"start":{"line":53,"column":0},"end":{"line":53,"column":30}},"53":{"start":{"line":54,"column":0},"end":{"line":54,"column":59}},"55":{"start":{"line":56,"column":0},"end":{"line":56,"column":186}},"56":{"start":{"line":57,"column":0},"end":{"line":57,"column":14}},"57":{"start":{"line":58,"column":0},"end":{"line":58,"column":16}},"58":{"start":{"line":59,"column":0},"end":{"line":59,"column":144}},"59":{"start":{"line":60,"column":0},"end":{"line":60,"column":15}},"60":{"start":{"line":61,"column":0},"end":{"line":61,"column":12}},"61":{"start":{"line":62,"column":0},"end":{"line":62,"column":10}},"63":{"start":{"line":64,"column":0},"end":{"line":64,"column":2}},"65":{"start":{"line":66,"column":0},"end":{"line":66,"column":25}}},"s":{"0":1,"2":1,"3":9,"4":9,"6":9,"7":3,"9":3,"10":1,"11":1,"12":1,"14":2,"15":3,"16":1,"17":1,"18":1,"20":3,"21":0,"22":0,"23":0,"25":1,"26":3,"28":9,"29":9,"30":9,"31":9,"32":9,"33":9,"34":9,"35":9,"36":9,"37":9,"38":9,"40":9,"41":9,"43":9,"44":9,"45":9,"46":9,"47":9,"48":9,"49":9,"50":9,"51":9,"52":9,"53":9,"55":9,"56":9,"57":9,"58":9,"59":9,"60":9,"61":9,"63":9,"65":1},"branchMap":{"0":{"type":"branch","line":3,"loc":{"start":{"line":3,"column":18},"end":{"line":64,"column":2}},"locations":[{"start":{"line":3,"column":18},"end":{"line":64,"column":2}}]},"1":{"type":"branch","line":7,"loc":{"start":{"line":7,"column":28},"end":{"line":27,"column":4}},"locations":[{"start":{"line":7,"column":28},"end":{"line":27,"column":4}}]},"2":{"type":"branch","line":10,"loc":{"start":{"line":10,"column":16},"end":{"line":13,"column":5}},"locations":[{"start":{"line":10,"column":16},"end":{"line":13,"column":5}}]},"3":{"type":"branch","line":13,"loc":{"start":{"line":13,"column":4},"end":{"line":16,"column":35}},"locations":[{"start":{"line":13,"column":4},"end":{"line":16,"column":35}}]},"4":{"type":"branch","line":16,"loc":{"start":{"line":16,"column":35},"end":{"line":21,"column":19}},"locations":[{"start":{"line":16,"column":35},"end":{"line":21,"column":19}}]},"5":{"type":"branch","line":21,"loc":{"start":{"line":21,"column":19},"end":{"line":24,"column":5}},"locations":[{"start":{"line":21,"column":19},"end":{"line":24,"column":5}}]},"6":{"type":"branch","line":24,"loc":{"start":{"line":24,"column":4},"end":{"line":26,"column":41}},"locations":[{"start":{"line":24,"column":4},"end":{"line":26,"column":41}}]},"7":{"type":"branch","line":42,"loc":{"start":{"line":42,"column":24},"end":{"line":42,"column":56}},"locations":[{"start":{"line":42,"column":24},"end":{"line":42,"column":56}}]},"8":{"type":"branch","line":54,"loc":{"start":{"line":54,"column":24},"end":{"line":54,"column":59}},"locations":[{"start":{"line":54,"column":24},"end":{"line":54,"column":59}}]}},"b":{"0":[9],"1":[3],"2":[1],"3":[2],"4":[1],"5":[0],"6":[1],"7":[2],"8":[3]},"fnMap":{"0":{"name":"LoginForm","decl":{"start":{"line":3,"column":18},"end":{"line":64,"column":2}},"loc":{"start":{"line":3,"column":18},"end":{"line":64,"column":2}},"line":3},"1":{"name":"validateLoginForm","decl":{"start":{"line":7,"column":28},"end":{"line":27,"column":4}},"loc":{"start":{"line":7,"column":28},"end":{"line":27,"column":4}},"line":7},"2":{"name":"onChange","decl":{"start":{"line":42,"column":24},"end":{"line":42,"column":56}},"loc":{"start":{"line":42,"column":24},"end":{"line":42,"column":56}},"line":42},"3":{"name":"onChange","decl":{"start":{"line":54,"column":24},"end":{"line":54,"column":59}},"loc":{"start":{"line":54,"column":24},"end":{"line":54,"column":59}},"line":54}},"f":{"0":9,"1":3,"2":2,"3":3}}
,"E:\\UBA\\ims\\src\\components\\RegistrationForm.jsx": {"path":"E:\\UBA\\ims\\src\\components\\RegistrationForm.jsx","all":false,"statementMap":{"0":{"start":{"line":1,"column":0},"end":{"line":1,"column":26}},"2":{"start":{"line":3,"column":0},"end":{"line":3,"column":32}},"3":{"start":{"line":4,"column":0},"end":{"line":4,"column":31}},"4":{"start":{"line":5,"column":0},"end":{"line":5,"column":23}},"9":{"start":{"line":10,"column":0},"end":{"line":10,"column":54}},"10":{"start":{"line":11,"column":0},"end":{"line":11,"column":48}},"11":{"start":{"line":12,"column":0},"end":{"line":12,"column":54}},"12":{"start":{"line":13,"column":0},"end":{"line":13,"column":72}},"14":{"start":{"line":15,"column":0},"end":{"line":15,"column":88}},"15":{"start":{"line":16,"column":0},"end":{"line":16,"column":39}},"16":{"start":{"line":17,"column":0},"end":{"line":17,"column":19}},"17":{"start":{"line":18,"column":0},"end":{"line":18,"column":5}},"18":{"start":{"line":19,"column":0},"end":{"line":19,"column":24}},"19":{"start":{"line":20,"column":0},"end":{"line":20,"column":5}},"20":{"start":{"line":21,"column":0},"end":{"line":21,"column":36}},"21":{"start":{"line":22,"column":0},"end":{"line":22,"column":19}},"22":{"start":{"line":23,"column":0},"end":{"line":23,"column":5}},"24":{"start":{"line":25,"column":0},"end":{"line":25,"column":23}},"25":{"start":{"line":26,"column":0},"end":{"line":26,"column":33}},"26":{"start":{"line":27,"column":0},"end":{"line":27,"column":19}},"27":{"start":{"line":28,"column":0},"end":{"line":28,"column":5}},"29":{"start":{"line":30,"column":0},"end":{"line":30,"column":54}},"30":{"start":{"line":31,"column":0},"end":{"line":31,"column":36}},"31":{"start":{"line":32,"column":0},"end":{"line":32,"column":50}},"32":{"start":{"line":33,"column":0},"end":{"line":33,"column":19}},"33":{"start":{"line":34,"column":0},"end":{"line":34,"column":5}},"35":{"start":{"line":36,"column":0},"end":{"line":36,"column":26}},"36":{"start":{"line":37,"column":0},"end":{"line":37,"column":36}},"37":{"start":{"line":38,"column":0},"end":{"line":38,"column":19}},"38":{"start":{"line":39,"column":0},"end":{"line":39,"column":5}},"40":{"start":{"line":41,"column":0},"end":{"line":41,"column":33}},"41":{"start":{"line":42,"column":0},"end":{"line":42,"column":44}},"42":{"start":{"line":43,"column":0},"end":{"line":43,"column":19}},"43":{"start":{"line":44,"column":0},"end":{"line":44,"column":5}},"45":{"start":{"line":46,"column":0},"end":{"line":46,"column":39}},"46":{"start":{"line":47,"column":0},"end":{"line":47,"column":38}},"47":{"start":{"line":48,"column":0},"end":{"line":48,"column":19}},"48":{"start":{"line":49,"column":0},"end":{"line":49,"column":5}},"50":{"start":{"line":51,"column":0},"end":{"line":51,"column":41}},"51":{"start":{"line":52,"column":0},"end":{"line":52,"column":4}},"53":{"start":{"line":54,"column":0},"end":{"line":54,"column":10}},"54":{"start":{"line":55,"column":0},"end":{"line":55,"column":70}},"55":{"start":{"line":56,"column":0},"end":{"line":56,"column":107}},"56":{"start":{"line":57,"column":0},"end":{"line":57,"column":70}},"57":{"start":{"line":58,"column":0},"end":{"line":58,"column":61}},"58":{"start":{"line":59,"column":0},"end":{"line":59,"column":43}},"59":{"start":{"line":60,"column":0},"end":{"line":60,"column":80}},"60":{"start":{"line":61,"column":0},"end":{"line":61,"column":274}},"61":{"start":{"line":62,"column":0},"end":{"line":62,"column":16}},"62":{"start":{"line":63,"column":0},"end":{"line":63,"column":43}},"63":{"start":{"line":64,"column":0},"end":{"line":64,"column":74}},"64":{"start":{"line":65,"column":0},"end":{"line":65,"column":251}},"65":{"start":{"line":66,"column":0},"end":{"line":66,"column":16}},"66":{"start":{"line":67,"column":0},"end":{"line":67,"column":43}},"67":{"start":{"line":68,"column":0},"end":{"line":68,"column":80}},"68":{"start":{"line":69,"column":0},"end":{"line":69,"column":264}},"69":{"start":{"line":70,"column":0},"end":{"line":70,"column":16}},"70":{"start":{"line":71,"column":0},"end":{"line":71,"column":43}},"71":{"start":{"line":72,"column":0},"end":{"line":72,"column":96}},"72":{"start":{"line":73,"column":0},"end":{"line":73,"column":288}},"73":{"start":{"line":74,"column":0},"end":{"line":74,"column":16}},"74":{"start":{"line":75,"column":0},"end":{"line":75,"column":147}},"75":{"start":{"line":76,"column":0},"end":{"line":76,"column":15}},"76":{"start":{"line":77,"column":0},"end":{"line":77,"column":12}},"77":{"start":{"line":78,"column":0},"end":{"line":78,"column":10}},"79":{"start":{"line":80,"column":0},"end":{"line":80,"column":2}},"81":{"start":{"line":82,"column":0},"end":{"line":82,"column":32}}},"s":{"0":1,"2":1,"3":5,"4":4,"9":4,"10":4,"11":4,"12":4,"14":4,"15":1,"16":1,"17":1,"18":3,"19":4,"20":0,"21":0,"22":0,"24":4,"25":0,"26":0,"27":0,"29":3,"30":4,"31":1,"32":1,"33":1,"35":4,"36":0,"37":0,"38":0,"40":4,"41":0,"42":0,"43":0,"45":4,"46":1,"47":1,"48":1,"50":1,"51":4,"53":5,"54":5,"55":5,"56":5,"57":5,"58":5,"59":5,"60":5,"61":5,"62":5,"63":5,"64":5,"65":5,"66":5,"67":5,"68":5,"69":5,"70":5,"71":5,"72":5,"73":5,"74":5,"75":5,"76":5,"77":5,"79":5,"81":1},"branchMap":{"0":{"type":"branch","line":3,"loc":{"start":{"line":3,"column":25},"end":{"line":80,"column":2}},"locations":[{"start":{"line":3,"column":25},"end":{"line":80,"column":2}}]},"1":{"type":"branch","line":4,"loc":{"start":{"line":4,"column":23},"end":{"line":52,"column":4}},"locations":[{"start":{"line":4,"column":23},"end":{"line":52,"column":4}}]},"2":{"type":"branch","line":15,"loc":{"start":{"line":15,"column":22},"end":{"line":15,"column":44}},"locations":[{"start":{"line":15,"column":22},"end":{"line":15,"column":44}}]},"3":{"type":"branch","line":15,"loc":{"start":{"line":15,"column":38},"end":{"line":15,"column":63}},"locations":[{"start":{"line":15,"column":38},"end":{"line":15,"column":63}}]},"4":{"type":"branch","line":15,"loc":{"start":{"line":15,"column":57},"end":{"line":15,"column":87}},"locations":[{"start":{"line":15,"column":57},"end":{"line":15,"column":87}}]},"5":{"type":"branch","line":15,"loc":{"start":{"line":15,"column":87},"end":{"line":18,"column":5}},"locations":[{"start":{"line":15,"column":87},"end":{"line":18,"column":5}}]},"6":{"type":"branch","line":18,"loc":{"start":{"line":18,"column":4},"end":{"line":19,"column":24}},"locations":[{"start":{"line":18,"column":4},"end":{"line":19,"column":24}}]},"7":{"type":"branch","line":20,"loc":{"start":{"line":20,"column":4},"end":{"line":23,"column":5}},"locations":[{"start":{"line":20,"column":4},"end":{"line":23,"column":5}}]},"8":{"type":"branch","line":23,"loc":{"start":{"line":23,"column":4},"end":{"line":25,"column":22}},"locations":[{"start":{"line":23,"column":4},"end":{"line":25,"column":22}}]},"9":{"type":"branch","line":25,"loc":{"start":{"line":25,"column":22},"end":{"line":28,"column":5}},"locations":[{"start":{"line":25,"column":22},"end":{"line":28,"column":5}}]},"10":{"type":"branch","line":28,"loc":{"start":{"line":28,"column":4},"end":{"line":31,"column":35}},"locations":[{"start":{"line":28,"column":4},"end":{"line":31,"column":35}}]},"11":{"type":"branch","line":31,"loc":{"start":{"line":31,"column":35},"end":{"line":34,"column":5}},"locations":[{"start":{"line":31,"column":35},"end":{"line":34,"column":5}}]},"12":{"type":"branch","line":34,"loc":{"start":{"line":34,"column":4},"end":{"line":36,"column":25}},"locations":[{"start":{"line":34,"column":4},"end":{"line":36,"column":25}}]},"13":{"type":"branch","line":36,"loc":{"start":{"line":36,"column":25},"end":{"line":39,"column":5}},"locations":[{"start":{"line":36,"column":25},"end":{"line":39,"column":5}}]},"14":{"type":"branch","line":39,"loc":{"start":{"line":39,"column":4},"end":{"line":41,"column":32}},"locations":[{"start":{"line":39,"column":4},"end":{"line":41,"column":32}}]},"15":{"type":"branch","line":41,"loc":{"start":{"line":41,"column":32},"end":{"line":44,"column":5}},"locations":[{"start":{"line":41,"column":32},"end":{"line":44,"column":5}}]},"16":{"type":"branch","line":44,"loc":{"start":{"line":44,"column":4},"end":{"line":46,"column":38}},"locations":[{"start":{"line":44,"column":4},"end":{"line":46,"column":38}}]},"17":{"type":"branch","line":46,"loc":{"start":{"line":46,"column":38},"end":{"line":51,"column":41}},"locations":[{"start":{"line":46,"column":38},"end":{"line":51,"column":41}}]}},"b":{"0":[5],"1":[4],"2":[1],"3":[1],"4":[1],"5":[1],"6":[3],"7":[0],"8":[3],"9":[0],"10":[3],"11":[1],"12":[2],"13":[0],"14":[2],"15":[0],"16":[2],"17":[1]},"fnMap":{"0":{"name":"RegistrationForm","decl":{"start":{"line":3,"column":25},"end":{"line":80,"column":2}},"loc":{"start":{"line":3,"column":25},"end":{"line":80,"column":2}},"line":3},"1":{"name":"validateForm","decl":{"start":{"line":4,"column":23},"end":{"line":52,"column":4}},"loc":{"start":{"line":4,"column":23},"end":{"line":52,"column":4}},"line":4}},"f":{"0":5,"1":4}}
,"E:\\UBA\\ims\\src\\components\\UserListing.jsx": {"path":"E:\\UBA\\ims\\src\\components\\UserListing.jsx","all":false,"statementMap":{"0":{"start":{"line":1,"column":0},"end":{"line":1,"column":26}},"1":{"start":{"line":2,"column":0},"end":{"line":2,"column":40}},"3":{"start":{"line":4,"column":0},"end":{"line":4,"column":27}},"4":{"start":{"line":5,"column":0},"end":{"line":5,"column":34}},"6":{"start":{"line":7,"column":0},"end":{"line":7,"column":66}},"7":{"start":{"line":8,"column":0},"end":{"line":8,"column":17}},"8":{"start":{"line":9,"column":0},"end":{"line":9,"column":4}},"10":{"start":{"line":11,"column":0},"end":{"line":11,"column":10}},"11":{"start":{"line":12,"column":0},"end":{"line":12,"column":50}},"12":{"start":{"line":13,"column":0},"end":{"line":13,"column":72}},"13":{"start":{"line":14,"column":0},"end":{"line":14,"column":65}},"14":{"start":{"line":15,"column":0},"end":{"line":15,"column":34}},"15":{"start":{"line":16,"column":0},"end":{"line":16,"column":17}},"16":{"start":{"line":17,"column":0},"end":{"line":17,"column":40}},"17":{"start":{"line":18,"column":0},"end":{"line":18,"column":53}},"18":{"start":{"line":19,"column":0},"end":{"line":19,"column":50}},"19":{"start":{"line":20,"column":0},"end":{"line":20,"column":51}},"20":{"start":{"line":21,"column":0},"end":{"line":21,"column":52}},"21":{"start":{"line":22,"column":0},"end":{"line":22,"column":17}},"22":{"start":{"line":23,"column":0},"end":{"line":23,"column":18}},"23":{"start":{"line":24,"column":0},"end":{"line":24,"column":32}},"24":{"start":{"line":25,"column":0},"end":{"line":25,"column":65}},"25":{"start":{"line":26,"column":0},"end":{"line":26,"column":53}},"26":{"start":{"line":27,"column":0},"end":{"line":27,"column":61}},"27":{"start":{"line":28,"column":0},"end":{"line":28,"column":52}},"28":{"start":{"line":29,"column":0},"end":{"line":29,"column":40}},"29":{"start":{"line":30,"column":0},"end":{"line":30,"column":41}},"30":{"start":{"line":31,"column":0},"end":{"line":31,"column":152}},"31":{"start":{"line":32,"column":0},"end":{"line":32,"column":23}},"32":{"start":{"line":33,"column":0},"end":{"line":33,"column":179}},"33":{"start":{"line":34,"column":0},"end":{"line":34,"column":19}},"34":{"start":{"line":35,"column":0},"end":{"line":35,"column":17}},"35":{"start":{"line":36,"column":0},"end":{"line":36,"column":65}},"36":{"start":{"line":37,"column":0},"end":{"line":37,"column":53}},"37":{"start":{"line":38,"column":0},"end":{"line":38,"column":61}},"38":{"start":{"line":39,"column":0},"end":{"line":39,"column":55}},"40":{"start":{"line":41,"column":0},"end":{"line":41,"column":40}},"41":{"start":{"line":42,"column":0},"end":{"line":42,"column":41}},"42":{"start":{"line":43,"column":0},"end":{"line":43,"column":151}},"43":{"start":{"line":44,"column":0},"end":{"line":44,"column":23}},"44":{"start":{"line":45,"column":0},"end":{"line":45,"column":179}},"45":{"start":{"line":46,"column":0},"end":{"line":46,"column":19}},"46":{"start":{"line":47,"column":0},"end":{"line":47,"column":17}},"48":{"start":{"line":49,"column":0},"end":{"line":49,"column":18}},"49":{"start":{"line":50,"column":0},"end":{"line":50,"column":16}},"50":{"start":{"line":51,"column":0},"end":{"line":51,"column":12}},"51":{"start":{"line":52,"column":0},"end":{"line":52,"column":10}},"53":{"start":{"line":54,"column":0},"end":{"line":54,"column":2}},"55":{"start":{"line":56,"column":0},"end":{"line":56,"column":27}}},"s":{"0":1,"1":1,"3":1,"4":2,"6":1,"7":1,"8":1,"10":2,"11":2,"12":2,"13":2,"14":2,"15":2,"16":2,"17":2,"18":2,"19":2,"20":2,"21":2,"22":2,"23":2,"24":2,"25":2,"26":2,"27":2,"28":2,"29":2,"30":2,"31":2,"32":2,"33":2,"34":2,"35":2,"36":2,"37":2,"38":2,"40":2,"41":2,"42":2,"43":2,"44":2,"45":2,"46":2,"48":2,"49":2,"50":2,"51":2,"53":2,"55":1},"branchMap":{"0":{"type":"branch","line":4,"loc":{"start":{"line":4,"column":20},"end":{"line":54,"column":2}},"locations":[{"start":{"line":4,"column":20},"end":{"line":54,"column":2}}]},"1":{"type":"branch","line":5,"loc":{"start":{"line":5,"column":21},"end":{"line":9,"column":4}},"locations":[{"start":{"line":5,"column":21},"end":{"line":9,"column":4}}]},"2":{"type":"branch","line":33,"loc":{"start":{"line":33,"column":143},"end":{"line":33,"column":164}},"locations":[{"start":{"line":33,"column":143},"end":{"line":33,"column":164}}]}},"b":{"0":[2],"1":[1],"2":[1]},"fnMap":{"0":{"name":"UserListing","decl":{"start":{"line":4,"column":20},"end":{"line":54,"column":2}},"loc":{"start":{"line":4,"column":20},"end":{"line":54,"column":2}},"line":4},"1":{"name":"deleteUser","decl":{"start":{"line":5,"column":21},"end":{"line":9,"column":4}},"loc":{"start":{"line":5,"column":21},"end":{"line":9,"column":4}},"line":5},"2":{"name":"onClick","decl":{"start":{"line":33,"column":143},"end":{"line":33,"column":164}},"loc":{"start":{"line":33,"column":143},"end":{"line":33,"column":164}},"line":33},"3":{"name":"onClick","decl":{"start":{"line":45,"column":143},"end":{"line":45,"column":164}},"loc":{"start":{"line":45,"column":143},"end":{"line":45,"column":164}},"line":45}},"f":{"0":2,"1":1,"2":1,"3":0}}
}
