{"E:\\UBA\\JWToken\\src\\controllers\\authController.ts": {"path":"E:\\UBA\\JWToken\\src\\controllers\\authController.ts","statementMap":{"0":{"start":{"line":3,"column":0},"end":{"line":3,"column":50}},"1":{"start":{"line":4,"column":0},"end":{"line":4,"column":46}},"2":{"start":{"line":5,"column":0},"end":{"line":5,"column":49}},"3":{"start":{"line":7,"column":13},"end":{"line":20,"column":2}},"4":{"start":{"line":8,"column":47},"end":{"line":19,"column":null}},"5":{"start":{"line":9,"column":32},"end":{"line":9,"column":40}},"6":{"start":{"line":10,"column":30},"end":{"line":10,"column":66}},"7":{"start":{"line":11,"column":20},"end":{"line":11,"column":116}},"8":{"start":{"line":13,"column":4},"end":{"line":15,"column":5}},"9":{"start":{"line":14,"column":6},"end":{"line":14,"column":76}},"10":{"start":{"line":17,"column":18},"end":{"line":17,"column":53}},"11":{"start":{"line":18,"column":4},"end":{"line":18,"column":24}}},"fnMap":{"0":{"name":"(anonymous_7)","decl":{"start":{"line":8,"column":9},"end":{"line":8,"column":16}},"loc":{"start":{"line":8,"column":47},"end":{"line":19,"column":null}}},"1":{"name":"(anonymous_8)","decl":{"start":{"line":8,"column":47},"end":{"line":8,"column":null}},"loc":{"start":{"line":8,"column":47},"end":{"line":19,"column":3}}}},"branchMap":{"0":{"loc":{"start":{"line":13,"column":4},"end":{"line":15,"column":5}},"type":"if","locations":[{"start":{"line":13,"column":4},"end":{"line":15,"column":5}}]},"1":{"loc":{"start":{"line":13,"column":8},"end":{"line":13,"column":49}},"type":"binary-expr","locations":[{"start":{"line":13,"column":8},"end":{"line":13,"column":16}},{"start":{"line":13,"column":20},"end":{"line":13,"column":49}}]}},"s":{"0":1,"1":1,"2":1,"3":1,"4":3,"5":3,"6":3,"7":3,"8":3,"9":2,"10":1,"11":1},"f":{"0":3,"1":3},"b":{"0":[2],"1":[3,2]}}
,"E:\\UBA\\JWToken\\src\\controllers\\studentController.ts": {"path":"E:\\UBA\\JWToken\\src\\controllers\\studentController.ts","statementMap":{"0":{"start":{"line":121,"column":0},"end":{"line":121,"column":50}},"1":{"start":{"line":122,"column":0},"end":{"line":122,"column":46}},"2":{"start":{"line":123,"column":0},"end":{"line":123,"column":40}},"3":{"start":{"line":124,"column":0},"end":{"line":124,"column":52}},"4":{"start":{"line":126,"column":13},"end":{"line":252,"column":2}},"5":{"start":{"line":127,"column":48},"end":{"line":195,"column":null}},"6":{"start":{"line":128,"column":4},"end":{"line":194,"column":5}},"7":{"start":{"line":130,"column":6},"end":{"line":132,"column":7}},"8":{"start":{"line":131,"column":8},"end":{"line":131,"column":76}},"9":{"start":{"line":135,"column":62},"end":{"line":135,"column":70}},"10":{"start":{"line":138,"column":6},"end":{"line":140,"column":7}},"11":{"start":{"line":139,"column":8},"end":{"line":139,"column":84}},"12":{"start":{"line":142,"column":32},"end":{"line":142,"column":68}},"13":{"start":{"line":143,"column":29},"end":{"line":143,"column":62}},"14":{"start":{"line":144,"column":35},"end":{"line":144,"column":74}},"15":{"start":{"line":147,"column":20},"end":{"line":147,"column":22}},"16":{"start":{"line":148,"column":6},"end":{"line":180,"column":7}},"17":{"start":{"line":149,"column":8},"end":{"line":179,"column":9}},"18":{"start":{"line":150,"column":21},"end":{"line":153,"column":12}},"19":{"start":{"line":154,"column":10},"end":{"line":157,"column":11}},"20":{"start":{"line":155,"column":12},"end":{"line":155,"column":78}},"21":{"start":{"line":156,"column":12},"end":{"line":156,"column":44}},"22":{"start":{"line":160,"column":10},"end":{"line":176,"column":11}},"23":{"start":{"line":161,"column":12},"end":{"line":175,"column":13}},"24":{"start":{"line":162,"column":31},"end":{"line":162,"column":96}},"25":{"start":{"line":163,"column":14},"end":{"line":166,"column":15}},"26":{"start":{"line":164,"column":16},"end":{"line":164,"column":77}},"27":{"start":{"line":165,"column":16},"end":{"line":165,"column":60}},"28":{"start":{"line":169,"column":14},"end":{"line":174,"column":15}},"29":{"start":{"line":170,"column":16},"end":{"line":172,"column":17}},"30":{"start":{"line":170,"column":48},"end":{"line":170,"column":70}},"31":{"start":{"line":171,"column":18},"end":{"line":171,"column":52}},"32":{"start":{"line":173,"column":16},"end":{"line":173,"column":48}},"33":{"start":{"line":178,"column":10},"end":{"line":178,"column":27}},"34":{"start":{"line":183,"column":22},"end":{"line":187,"column":8}},"35":{"start":{"line":189,"column":6},"end":{"line":189,"column":44}},"36":{"start":{"line":190,"column":6},"end":{"line":190,"column":36}},"37":{"start":{"line":192,"column":6},"end":{"line":192,"column":54}},"38":{"start":{"line":193,"column":6},"end":{"line":193,"column":65}},"39":{"start":{"line":197,"column":48},"end":{"line":206,"column":null}},"40":{"start":{"line":198,"column":4},"end":{"line":205,"column":5}},"41":{"start":{"line":199,"column":32},"end":{"line":199,"column":68}},"42":{"start":{"line":200,"column":23},"end":{"line":200,"column":53}},"43":{"start":{"line":201,"column":6},"end":{"line":201,"column":25}},"44":{"start":{"line":203,"column":6},"end":{"line":203,"column":55}},"45":{"start":{"line":204,"column":6},"end":{"line":204,"column":65}},"46":{"start":{"line":208,"column":48},"end":{"line":220,"column":null}},"47":{"start":{"line":209,"column":4},"end":{"line":219,"column":5}},"48":{"start":{"line":210,"column":32},"end":{"line":210,"column":68}},"49":{"start":{"line":211,"column":22},"end":{"line":211,"column":97}},"50":{"start":{"line":212,"column":6},"end":{"line":214,"column":7}},"51":{"start":{"line":213,"column":8},"end":{"line":213,"column":70}},"52":{"start":{"line":215,"column":6},"end":{"line":215,"column":24}},"53":{"start":{"line":217,"column":6},"end":{"line":217,"column":54}},"54":{"start":{"line":218,"column":6},"end":{"line":218,"column":65}},"55":{"start":{"line":222,"column":48},"end":{"line":236,"column":null}},"56":{"start":{"line":223,"column":4},"end":{"line":235,"column":5}},"57":{"start":{"line":224,"column":32},"end":{"line":224,"column":68}},"58":{"start":{"line":225,"column":20},"end":{"line":225,"column":95}},"59":{"start":{"line":226,"column":6},"end":{"line":228,"column":7}},"60":{"start":{"line":227,"column":8},"end":{"line":227,"column":70}},"61":{"start":{"line":229,"column":6},"end":{"line":229,"column":59}},"62":{"start":{"line":230,"column":6},"end":{"line":230,"column":44}},"63":{"start":{"line":231,"column":6},"end":{"line":231,"column":24}},"64":{"start":{"line":233,"column":6},"end":{"line":233,"column":54}},"65":{"start":{"line":234,"column":6},"end":{"line":234,"column":65}},"66":{"start":{"line":238,"column":48},"end":{"line":251,"column":null}},"67":{"start":{"line":239,"column":4},"end":{"line":250,"column":5}},"68":{"start":{"line":240,"column":32},"end":{"line":240,"column":68}},"69":{"start":{"line":241,"column":22},"end":{"line":241,"column":97}},"70":{"start":{"line":242,"column":6},"end":{"line":244,"column":7}},"71":{"start":{"line":243,"column":8},"end":{"line":243,"column":70}},"72":{"start":{"line":245,"column":6},"end":{"line":245,"column":46}},"73":{"start":{"line":246,"column":6},"end":{"line":246,"column":47}},"74":{"start":{"line":248,"column":6},"end":{"line":248,"column":54}},"75":{"start":{"line":249,"column":6},"end":{"line":249,"column":65}}},"fnMap":{"0":{"name":"(anonymous_7)","decl":{"start":{"line":127,"column":10},"end":{"line":127,"column":17}},"loc":{"start":{"line":127,"column":48},"end":{"line":195,"column":null}}},"1":{"name":"(anonymous_8)","decl":{"start":{"line":127,"column":48},"end":{"line":127,"column":null}},"loc":{"start":{"line":127,"column":48},"end":{"line":195,"column":3}}},"2":{"name":"(anonymous_9)","decl":{"start":{"line":170,"column":43},"end":{"line":170,"column":44}},"loc":{"start":{"line":170,"column":48},"end":{"line":170,"column":70}}},"3":{"name":"(anonymous_10)","decl":{"start":{"line":197,"column":10},"end":{"line":197,"column":17}},"loc":{"start":{"line":197,"column":48},"end":{"line":206,"column":null}}},"4":{"name":"(anonymous_11)","decl":{"start":{"line":197,"column":48},"end":{"line":197,"column":null}},"loc":{"start":{"line":197,"column":48},"end":{"line":206,"column":3}}},"5":{"name":"(anonymous_12)","decl":{"start":{"line":208,"column":10},"end":{"line":208,"column":17}},"loc":{"start":{"line":208,"column":48},"end":{"line":220,"column":null}}},"6":{"name":"(anonymous_13)","decl":{"start":{"line":208,"column":48},"end":{"line":208,"column":null}},"loc":{"start":{"line":208,"column":48},"end":{"line":220,"column":3}}},"7":{"name":"(anonymous_14)","decl":{"start":{"line":222,"column":10},"end":{"line":222,"column":17}},"loc":{"start":{"line":222,"column":48},"end":{"line":236,"column":null}}},"8":{"name":"(anonymous_15)","decl":{"start":{"line":222,"column":48},"end":{"line":222,"column":null}},"loc":{"start":{"line":222,"column":48},"end":{"line":236,"column":3}}},"9":{"name":"(anonymous_16)","decl":{"start":{"line":238,"column":10},"end":{"line":238,"column":17}},"loc":{"start":{"line":238,"column":48},"end":{"line":251,"column":null}}},"10":{"name":"(anonymous_17)","decl":{"start":{"line":238,"column":48},"end":{"line":238,"column":null}},"loc":{"start":{"line":238,"column":48},"end":{"line":251,"column":3}}}},"branchMap":{"0":{"loc":{"start":{"line":130,"column":6},"end":{"line":132,"column":7}},"type":"if","locations":[{"start":{"line":130,"column":6},"end":{"line":132,"column":7}}]},"1":{"loc":{"start":{"line":138,"column":6},"end":{"line":140,"column":7}},"type":"if","locations":[{"start":{"line":138,"column":6},"end":{"line":140,"column":7}}]},"2":{"loc":{"start":{"line":138,"column":10},"end":{"line":138,"column":29}},"type":"binary-expr","locations":[{"start":{"line":138,"column":10},"end":{"line":138,"column":16}},{"start":{"line":138,"column":20},"end":{"line":138,"column":29}}]},"3":{"loc":{"start":{"line":148,"column":6},"end":{"line":180,"column":7}},"type":"if","locations":[{"start":{"line":148,"column":6},"end":{"line":180,"column":7}}]},"4":{"loc":{"start":{"line":154,"column":10},"end":{"line":157,"column":11}},"type":"if","locations":[{"start":{"line":154,"column":10},"end":{"line":157,"column":11}}]},"5":{"loc":{"start":{"line":160,"column":10},"end":{"line":176,"column":11}},"type":"if","locations":[{"start":{"line":160,"column":10},"end":{"line":176,"column":11}}]},"6":{"loc":{"start":{"line":163,"column":14},"end":{"line":166,"column":15}},"type":"if","locations":[{"start":{"line":163,"column":14},"end":{"line":166,"column":15}}]},"7":{"loc":{"start":{"line":169,"column":14},"end":{"line":174,"column":15}},"type":"if","locations":[{"start":{"line":169,"column":14},"end":{"line":174,"column":15}}]},"8":{"loc":{"start":{"line":170,"column":16},"end":{"line":172,"column":17}},"type":"if","locations":[{"start":{"line":170,"column":16},"end":{"line":172,"column":17}}]},"9":{"loc":{"start":{"line":212,"column":6},"end":{"line":214,"column":7}},"type":"if","locations":[{"start":{"line":212,"column":6},"end":{"line":214,"column":7}}]},"10":{"loc":{"start":{"line":226,"column":6},"end":{"line":228,"column":7}},"type":"if","locations":[{"start":{"line":226,"column":6},"end":{"line":228,"column":7}}]},"11":{"loc":{"start":{"line":242,"column":6},"end":{"line":244,"column":7}},"type":"if","locations":[{"start":{"line":242,"column":6},"end":{"line":244,"column":7}}]}},"s":{"0":2,"1":2,"2":2,"3":2,"4":2,"5":1,"6":1,"7":1,"8":0,"9":1,"10":1,"11":0,"12":1,"13":1,"14":1,"15":1,"16":1,"17":1,"18":1,"19":1,"20":0,"21":0,"22":1,"23":1,"24":1,"25":1,"26":0,"27":0,"28":1,"29":1,"30":0,"31":1,"32":1,"33":1,"34":1,"35":1,"36":1,"37":0,"38":0,"39":1,"40":1,"41":1,"42":1,"43":1,"44":0,"45":0,"46":0,"47":0,"48":0,"49":0,"50":0,"51":0,"52":0,"53":0,"54":0,"55":1,"56":1,"57":1,"58":1,"59":1,"60":0,"61":1,"62":1,"63":1,"64":0,"65":0,"66":1,"67":1,"68":1,"69":1,"70":1,"71":0,"72":1,"73":1,"74":0,"75":0},"f":{"0":1,"1":1,"2":0,"3":1,"4":1,"5":0,"6":0,"7":1,"8":1,"9":1,"10":1},"b":{"0":[0],"1":[0],"2":[1,1],"3":[1],"4":[0],"5":[1],"6":[0],"7":[1],"8":[1],"9":[0],"10":[0],"11":[0]}}
,"E:\\UBA\\JWToken\\src\\middlewares\\authMiddleware.ts": {"path":"E:\\UBA\\JWToken\\src\\middlewares\\authMiddleware.ts","statementMap":{"0":{"start":{"line":3,"column":0},"end":{"line":3,"column":51}},"1":{"start":{"line":4,"column":0},"end":{"line":4,"column":46}},"2":{"start":{"line":5,"column":0},"end":{"line":5,"column":50}},"3":{"start":{"line":9,"column":30},"end":{"line":35,"column":2}},"4":{"start":{"line":9,"column":88},"end":{"line":35,"column":2}},"5":{"start":{"line":10,"column":30},"end":{"line":10,"column":58}},"6":{"start":{"line":12,"column":2},"end":{"line":14,"column":3}},"7":{"start":{"line":13,"column":4},"end":{"line":13,"column":61}},"8":{"start":{"line":16,"column":16},"end":{"line":16,"column":55}},"9":{"start":{"line":18,"column":2},"end":{"line":34,"column":3}},"10":{"start":{"line":20,"column":20},"end":{"line":20,"column":52}},"11":{"start":{"line":22,"column":30},"end":{"line":22,"column":66}},"12":{"start":{"line":23,"column":20},"end":{"line":23,"column":131}},"13":{"start":{"line":25,"column":4},"end":{"line":27,"column":5}},"14":{"start":{"line":26,"column":6},"end":{"line":26,"column":63}},"15":{"start":{"line":29,"column":5},"end":{"line":29,"column":32}},"16":{"start":{"line":31,"column":4},"end":{"line":31,"column":11}},"17":{"start":{"line":33,"column":4},"end":{"line":33,"column":61}},"18":{"start":{"line":9,"column":13},"end":{"line":9,"column":30}}},"fnMap":{"0":{"name":"(anonymous_7)","decl":{"start":{"line":9,"column":30},"end":{"line":9,"column":37}},"loc":{"start":{"line":9,"column":88},"end":{"line":35,"column":2}}},"1":{"name":"(anonymous_8)","decl":{"start":{"line":9,"column":88},"end":{"line":9,"column":null}},"loc":{"start":{"line":9,"column":88},"end":{"line":35,"column":1}}}},"branchMap":{"0":{"loc":{"start":{"line":12,"column":2},"end":{"line":14,"column":3}},"type":"if","locations":[{"start":{"line":12,"column":2},"end":{"line":14,"column":3}}]},"1":{"loc":{"start":{"line":12,"column":6},"end":{"line":12,"column":72}},"type":"binary-expr","locations":[{"start":{"line":12,"column":6},"end":{"line":12,"column":26}},{"start":{"line":12,"column":30},"end":{"line":12,"column":72}}]},"2":{"loc":{"start":{"line":25,"column":4},"end":{"line":27,"column":5}},"type":"if","locations":[{"start":{"line":25,"column":4},"end":{"line":27,"column":5}}]}},"s":{"0":2,"1":2,"2":2,"3":2,"4":5,"5":5,"6":5,"7":2,"8":3,"9":3,"10":3,"11":2,"12":2,"13":2,"14":1,"15":1,"16":1,"17":1,"18":2},"f":{"0":5,"1":5},"b":{"0":[2],"1":[5,4],"2":[1]}}
,"E:\\UBA\\JWToken\\src\\middlewares\\permissionMiddleware.ts": {"path":"E:\\UBA\\JWToken\\src\\middlewares\\permissionMiddleware.ts","statementMap":{"0":{"start":{"line":34,"column":36},"end":{"line":56,"column":1}},"1":{"start":{"line":35,"column":2},"end":{"line":55,"column":4}},"2":{"start":{"line":36,"column":4},"end":{"line":36,"column":26}},"3":{"start":{"line":37,"column":4},"end":{"line":39,"column":5}},"4":{"start":{"line":38,"column":6},"end":{"line":38,"column":60}},"5":{"start":{"line":41,"column":34},"end":{"line":41,"column":48}},"6":{"start":{"line":42,"column":38},"end":{"line":43,"column":null}},"7":{"start":{"line":43,"column":6},"end":{"line":43,"column":45}},"8":{"start":{"line":43,"column":35},"end":{"line":43,"column":44}},"9":{"start":{"line":46,"column":26},"end":{"line":47,"column":null}},"10":{"start":{"line":47,"column":6},"end":{"line":47,"column":42}},"11":{"start":{"line":50,"column":4},"end":{"line":52,"column":5}},"12":{"start":{"line":51,"column":6},"end":{"line":51,"column":74}},"13":{"start":{"line":54,"column":4},"end":{"line":54,"column":11}},"14":{"start":{"line":34,"column":13},"end":{"line":34,"column":36}}},"fnMap":{"0":{"name":"(anonymous_0)","decl":{"start":{"line":34,"column":36},"end":{"line":34,"column":37}},"loc":{"start":{"line":34,"column":70},"end":{"line":56,"column":1}}},"1":{"name":"(anonymous_1)","decl":{"start":{"line":35,"column":9},"end":{"line":35,"column":10}},"loc":{"start":{"line":35,"column":61},"end":{"line":55,"column":3}}},"2":{"name":"(anonymous_2)","decl":{"start":{"line":42,"column":56},"end":{"line":42,"column":60}},"loc":{"start":{"line":43,"column":6},"end":{"line":43,"column":45}}},"3":{"name":"(anonymous_3)","decl":{"start":{"line":43,"column":27},"end":{"line":43,"column":31}},"loc":{"start":{"line":43,"column":35},"end":{"line":43,"column":44}}},"4":{"name":"(anonymous_4)","decl":{"start":{"line":46,"column":52},"end":{"line":46,"column":62}},"loc":{"start":{"line":47,"column":6},"end":{"line":47,"column":42}}}},"branchMap":{"0":{"loc":{"start":{"line":37,"column":4},"end":{"line":39,"column":5}},"type":"if","locations":[{"start":{"line":37,"column":4},"end":{"line":39,"column":5}}]},"1":{"loc":{"start":{"line":50,"column":4},"end":{"line":52,"column":5}},"type":"if","locations":[{"start":{"line":50,"column":4},"end":{"line":52,"column":5}}]}},"s":{"0":2,"1":8,"2":3,"3":3,"4":1,"5":2,"6":2,"7":4,"8":6,"9":2,"10":3,"11":2,"12":1,"13":1,"14":2},"f":{"0":8,"1":3,"2":4,"3":6,"4":3},"b":{"0":[1],"1":[1]}}
}
