TN:
SF:src\controllers\authController.ts
FN:8,(anonymous_7)
FN:8,(anonymous_8)
FNF:2
FNH:2
FNDA:3,(anonymous_7)
FNDA:3,(anonymous_8)
DA:3,1
DA:4,1
DA:5,1
DA:7,1
DA:8,3
DA:9,3
DA:10,3
DA:11,3
DA:13,3
DA:14,2
DA:17,1
DA:18,1
LF:12
LH:12
BRDA:13,0,0,2
BRDA:13,1,0,3
BRDA:13,1,1,2
BRF:3
BRH:3
end_of_record
TN:
SF:src\controllers\studentController.ts
FN:127,(anonymous_7)
FN:127,(anonymous_8)
FN:170,(anonymous_9)
FN:197,(anonymous_10)
FN:197,(anonymous_11)
FN:208,(anonymous_12)
FN:208,(anonymous_13)
FN:222,(anonymous_14)
FN:222,(anonymous_15)
FN:238,(anonymous_16)
FN:238,(anonymous_17)
FNF:11
FNH:8
FNDA:1,(anonymous_7)
FNDA:1,(anonymous_8)
FNDA:0,(anonymous_9)
FNDA:1,(anonymous_10)
FNDA:1,(anonymous_11)
FNDA:0,(anonymous_12)
FNDA:0,(anonymous_13)
FNDA:1,(anonymous_14)
FNDA:1,(anonymous_15)
FNDA:1,(anonymous_16)
FNDA:1,(anonymous_17)
DA:121,2
DA:122,2
DA:123,2
DA:124,2
DA:126,2
DA:127,1
DA:128,1
DA:130,1
DA:131,0
DA:135,1
DA:138,1
DA:139,0
DA:142,1
DA:143,1
DA:144,1
DA:147,1
DA:148,1
DA:149,1
DA:150,1
DA:154,1
DA:155,0
DA:156,0
DA:160,1
DA:161,1
DA:162,1
DA:163,1
DA:164,0
DA:165,0
DA:169,1
DA:170,1
DA:171,1
DA:173,1
DA:178,1
DA:183,1
DA:189,1
DA:190,1
DA:192,0
DA:193,0
DA:197,1
DA:198,1
DA:199,1
DA:200,1
DA:201,1
DA:203,0
DA:204,0
DA:208,0
DA:209,0
DA:210,0
DA:211,0
DA:212,0
DA:213,0
DA:215,0
DA:217,0
DA:218,0
DA:222,1
DA:223,1
DA:224,1
DA:225,1
DA:226,1
DA:227,0
DA:229,1
DA:230,1
DA:231,1
DA:233,0
DA:234,0
DA:238,1
DA:239,1
DA:240,1
DA:241,1
DA:242,1
DA:243,0
DA:245,1
DA:246,1
DA:248,0
DA:249,0
LF:75
LH:50
BRDA:130,0,0,0
BRDA:138,1,0,0
BRDA:138,2,0,1
BRDA:138,2,1,1
BRDA:148,3,0,1
BRDA:154,4,0,0
BRDA:160,5,0,1
BRDA:163,6,0,0
BRDA:169,7,0,1
BRDA:170,8,0,1
BRDA:212,9,0,0
BRDA:226,10,0,0
BRDA:242,11,0,0
BRF:13
BRH:6
end_of_record
TN:
SF:src\middlewares\authMiddleware.ts
FN:9,(anonymous_7)
FN:9,(anonymous_8)
FNF:2
FNH:2
FNDA:5,(anonymous_7)
FNDA:5,(anonymous_8)
DA:3,2
DA:4,2
DA:5,2
DA:9,5
DA:10,5
DA:12,5
DA:13,2
DA:16,3
DA:18,3
DA:20,3
DA:22,2
DA:23,2
DA:25,2
DA:26,1
DA:29,1
DA:31,1
DA:33,1
LF:17
LH:17
BRDA:12,0,0,2
BRDA:12,1,0,5
BRDA:12,1,1,4
BRDA:25,2,0,1
BRF:4
BRH:4
end_of_record
TN:
SF:src\middlewares\permissionMiddleware.ts
FN:34,(anonymous_0)
FN:35,(anonymous_1)
FN:42,(anonymous_2)
FN:43,(anonymous_3)
FN:46,(anonymous_4)
FNF:5
FNH:5
FNDA:8,(anonymous_0)
FNDA:3,(anonymous_1)
FNDA:4,(anonymous_2)
FNDA:6,(anonymous_3)
FNDA:3,(anonymous_4)
DA:34,2
DA:35,8
DA:36,3
DA:37,3
DA:38,1
DA:41,2
DA:42,2
DA:43,6
DA:46,2
DA:47,3
DA:50,2
DA:51,1
DA:54,1
LF:13
LH:13
BRDA:37,0,0,1
BRDA:50,1,0,1
BRF:2
BRH:2
end_of_record
